2024-10-15 11:09:13 [main] INFO  c.m.d.k.t.e.s.KafkaToElasticServiceApplication - Starting KafkaToElasticServiceApplication using Java 17.0.12 with PID 3488 (C:\Users\danan\Desktop\dev\kafka-to-elastic-service\target\classes started by danan in C:\Users\danan\Desktop\dev)
2024-10-15 11:09:13 [main] INFO  c.m.d.k.t.e.s.KafkaToElasticServiceApplication - The following 1 profile is active: "kafka_to_elastic"
2024-10-15 11:09:13 [main] INFO  o.s.c.c.c.ConfigServerConfigDataLoader - Fetching config from server at : http://localhost:8888
2024-10-15 11:09:13 [main] INFO  o.s.c.c.c.ConfigServerConfigDataLoader - Located environment: name=kafka-to-elastic-service,config-client, profiles=[default], label=null, version=bb5872126b326da36392206e435410df406bd6a5, state=null
2024-10-15 11:09:13 [main] INFO  o.s.c.c.c.ConfigServerConfigDataLoader - Fetching config from server at : http://localhost:8888
2024-10-15 11:09:13 [main] INFO  o.s.c.c.c.ConfigServerConfigDataLoader - Located environment: name=kafka-to-elastic-service,config-client, profiles=[kafka_to_elastic], label=null, version=bb5872126b326da36392206e435410df406bd6a5, state=null
2024-10-15 11:09:14 [main] INFO  o.s.cloud.context.scope.GenericScope - BeanFactory id=8afc8ada-d9e5-3de3-b1a2-c24dd562f295
2024-10-15 11:09:14 [main] WARN  o.s.b.w.r.c.AnnotationConfigReactiveWebServerApplicationContext - Exception encountered during context initialization - cancelling refresh attempt: org.springframework.context.ApplicationContextException: Unable to start reactive web server
2024-10-15 11:09:14 [main] INFO  o.s.b.a.l.ConditionEvaluationReportLogger - 

Error starting ApplicationContext. To display the condition evaluation report re-run your application with 'debug' enabled.
2024-10-15 11:09:14 [main] ERROR o.s.b.d.LoggingFailureAnalysisReporter - 

***************************
APPLICATION FAILED TO START
***************************

Description:

Web application could not be started as there was no org.springframework.boot.web.reactive.server.ReactiveWebServerFactory bean defined in the context.

Action:

Check your application's dependencies for a supported reactive web server.
Check the configured web application type.

2024-10-15 11:15:08 [main] INFO  c.m.d.k.t.e.s.KafkaToElasticServiceApplication - Starting KafkaToElasticServiceApplication using Java 17.0.12 with PID 1268 (C:\Users\danan\Desktop\dev\kafka-to-elastic-service\target\classes started by danan in C:\Users\danan\Desktop\dev)
2024-10-15 11:15:08 [main] INFO  c.m.d.k.t.e.s.KafkaToElasticServiceApplication - The following 1 profile is active: "kafka_to_elastic"
2024-10-15 11:15:08 [main] INFO  o.s.c.c.c.ConfigServerConfigDataLoader - Fetching config from server at : http://localhost:8888
2024-10-15 11:15:08 [main] INFO  o.s.c.c.c.ConfigServerConfigDataLoader - Located environment: name=kafka-to-elastic-service,config-client, profiles=[default], label=null, version=bb5872126b326da36392206e435410df406bd6a5, state=null
2024-10-15 11:15:08 [main] INFO  o.s.c.c.c.ConfigServerConfigDataLoader - Fetching config from server at : http://localhost:8888
2024-10-15 11:15:08 [main] INFO  o.s.c.c.c.ConfigServerConfigDataLoader - Located environment: name=kafka-to-elastic-service,config-client, profiles=[kafka_to_elastic], label=null, version=bb5872126b326da36392206e435410df406bd6a5, state=null
2024-10-15 11:15:09 [main] INFO  o.s.cloud.context.scope.GenericScope - BeanFactory id=a8d2c5fe-2723-3f2d-9c77-980ec0da196e
2024-10-15 11:15:09 [main] WARN  o.s.b.w.r.c.AnnotationConfigReactiveWebServerApplicationContext - Exception encountered during context initialization - cancelling refresh attempt: org.springframework.beans.factory.UnsatisfiedDependencyException: Error creating bean with name 'twitterKafkaConsumer' defined in file [C:\Users\danan\Desktop\dev\kafka-to-elastic-service\target\classes\com\microservice\demo\kafka\to\elastic\service\consumer\impl\TwitterKafkaConsumer.class]: Unsatisfied dependency expressed through constructor parameter 1: No qualifying bean of type 'com.microservices.demo.kafka.admin.client.KafkaAdminClient' available: expected at least 1 bean which qualifies as autowire candidate. Dependency annotations: {}
2024-10-15 11:15:09 [main] INFO  o.s.b.a.l.ConditionEvaluationReportLogger - 

Error starting ApplicationContext. To display the condition evaluation report re-run your application with 'debug' enabled.
2024-10-15 11:15:09 [main] ERROR o.s.b.d.LoggingFailureAnalysisReporter - 

***************************
APPLICATION FAILED TO START
***************************

Description:

Parameter 1 of constructor in com.microservice.demo.kafka.to.elastic.service.consumer.impl.TwitterKafkaConsumer required a bean of type 'com.microservices.demo.kafka.admin.client.KafkaAdminClient' that could not be found.


Action:

Consider defining a bean of type 'com.microservices.demo.kafka.admin.client.KafkaAdminClient' in your configuration.

2024-10-15 11:17:44 [main] INFO  c.m.d.k.t.e.s.KafkaToElasticServiceApplication - Starting KafkaToElasticServiceApplication using Java 17.0.12 with PID 3176 (C:\Users\danan\Desktop\dev\kafka-to-elastic-service\target\classes started by danan in C:\Users\danan\Desktop\dev)
2024-10-15 11:17:44 [main] INFO  c.m.d.k.t.e.s.KafkaToElasticServiceApplication - The following 1 profile is active: "kafka_to_elastic"
2024-10-15 11:17:44 [main] INFO  o.s.c.c.c.ConfigServerConfigDataLoader - Fetching config from server at : http://localhost:8888
2024-10-15 11:17:44 [main] INFO  o.s.c.c.c.ConfigServerConfigDataLoader - Located environment: name=kafka-to-elastic-service,config-client, profiles=[default], label=null, version=bb5872126b326da36392206e435410df406bd6a5, state=null
2024-10-15 11:17:44 [main] INFO  o.s.c.c.c.ConfigServerConfigDataLoader - Fetching config from server at : http://localhost:8888
2024-10-15 11:17:44 [main] INFO  o.s.c.c.c.ConfigServerConfigDataLoader - Located environment: name=kafka-to-elastic-service,config-client, profiles=[kafka_to_elastic], label=null, version=bb5872126b326da36392206e435410df406bd6a5, state=null
2024-10-15 11:17:45 [main] INFO  o.s.cloud.context.scope.GenericScope - BeanFactory id=a8d2c5fe-2723-3f2d-9c77-980ec0da196e
2024-10-15 11:17:45 [main] WARN  o.s.b.w.r.c.AnnotationConfigReactiveWebServerApplicationContext - Exception encountered during context initialization - cancelling refresh attempt: org.springframework.beans.factory.UnsatisfiedDependencyException: Error creating bean with name 'twitterKafkaConsumer' defined in file [C:\Users\danan\Desktop\dev\kafka-to-elastic-service\target\classes\com\microservice\demo\kafka\to\elastic\service\consumer\impl\TwitterKafkaConsumer.class]: Unsatisfied dependency expressed through constructor parameter 1: No qualifying bean of type 'com.microservices.demo.kafka.admin.client.KafkaAdminClient' available: expected at least 1 bean which qualifies as autowire candidate. Dependency annotations: {}
2024-10-15 11:17:45 [main] INFO  o.s.b.a.l.ConditionEvaluationReportLogger - 

Error starting ApplicationContext. To display the condition evaluation report re-run your application with 'debug' enabled.
2024-10-15 11:17:45 [main] ERROR o.s.b.d.LoggingFailureAnalysisReporter - 

***************************
APPLICATION FAILED TO START
***************************

Description:

Parameter 1 of constructor in com.microservice.demo.kafka.to.elastic.service.consumer.impl.TwitterKafkaConsumer required a bean of type 'com.microservices.demo.kafka.admin.client.KafkaAdminClient' that could not be found.


Action:

Consider defining a bean of type 'com.microservices.demo.kafka.admin.client.KafkaAdminClient' in your configuration.

2024-10-15 11:21:18 [main] INFO  c.m.d.k.t.e.s.KafkaToElasticServiceApplication - Starting KafkaToElasticServiceApplication using Java 17.0.12 with PID 21624 (C:\Users\danan\Desktop\dev\kafka-to-elastic-service\target\classes started by danan in C:\Users\danan\Desktop\dev)
2024-10-15 11:21:18 [main] INFO  c.m.d.k.t.e.s.KafkaToElasticServiceApplication - The following 1 profile is active: "kafka_to_elastic"
2024-10-15 11:21:18 [main] INFO  o.s.c.c.c.ConfigServerConfigDataLoader - Fetching config from server at : http://localhost:8888
2024-10-15 11:21:18 [main] INFO  o.s.c.c.c.ConfigServerConfigDataLoader - Located environment: name=kafka-to-elastic-service,config-client, profiles=[default], label=null, version=bb5872126b326da36392206e435410df406bd6a5, state=null
2024-10-15 11:21:18 [main] INFO  o.s.c.c.c.ConfigServerConfigDataLoader - Fetching config from server at : http://localhost:8888
2024-10-15 11:21:18 [main] INFO  o.s.c.c.c.ConfigServerConfigDataLoader - Located environment: name=kafka-to-elastic-service,config-client, profiles=[kafka_to_elastic], label=null, version=bb5872126b326da36392206e435410df406bd6a5, state=null
2024-10-15 11:21:19 [main] INFO  o.s.cloud.context.scope.GenericScope - BeanFactory id=a8d2c5fe-2723-3f2d-9c77-980ec0da196e
2024-10-15 11:21:19 [main] WARN  o.s.b.w.r.c.AnnotationConfigReactiveWebServerApplicationContext - Exception encountered during context initialization - cancelling refresh attempt: org.springframework.beans.factory.UnsatisfiedDependencyException: Error creating bean with name 'twitterKafkaConsumer' defined in file [C:\Users\danan\Desktop\dev\kafka-to-elastic-service\target\classes\com\microservice\demo\kafka\to\elastic\service\consumer\impl\TwitterKafkaConsumer.class]: Unsatisfied dependency expressed through constructor parameter 1: No qualifying bean of type 'com.microservices.demo.kafka.admin.client.KafkaAdminClient' available: expected at least 1 bean which qualifies as autowire candidate. Dependency annotations: {}
2024-10-15 11:21:19 [main] INFO  o.s.b.a.l.ConditionEvaluationReportLogger - 

Error starting ApplicationContext. To display the condition evaluation report re-run your application with 'debug' enabled.
2024-10-15 11:21:19 [main] ERROR o.s.b.d.LoggingFailureAnalysisReporter - 

***************************
APPLICATION FAILED TO START
***************************

Description:

Parameter 1 of constructor in com.microservice.demo.kafka.to.elastic.service.consumer.impl.TwitterKafkaConsumer required a bean of type 'com.microservices.demo.kafka.admin.client.KafkaAdminClient' that could not be found.


Action:

Consider defining a bean of type 'com.microservices.demo.kafka.admin.client.KafkaAdminClient' in your configuration.

2024-10-15 11:26:17 [main] INFO  c.m.d.k.t.e.s.KafkaToElasticServiceApplication - Starting KafkaToElasticServiceApplication using Java 17.0.12 with PID 3036 (C:\Users\danan\Desktop\dev\kafka-to-elastic-service\target\classes started by danan in C:\Users\danan\Desktop\dev)
2024-10-15 11:26:17 [main] INFO  c.m.d.k.t.e.s.KafkaToElasticServiceApplication - The following 1 profile is active: "kafka_to_elastic"
2024-10-15 11:26:17 [main] INFO  o.s.c.c.c.ConfigServerConfigDataLoader - Fetching config from server at : http://localhost:8888
2024-10-15 11:26:17 [main] INFO  o.s.c.c.c.ConfigServerConfigDataLoader - Located environment: name=kafka-to-elastic-service,config-client, profiles=[default], label=null, version=bb5872126b326da36392206e435410df406bd6a5, state=null
2024-10-15 11:26:17 [main] INFO  o.s.c.c.c.ConfigServerConfigDataLoader - Fetching config from server at : http://localhost:8888
2024-10-15 11:26:17 [main] INFO  o.s.c.c.c.ConfigServerConfigDataLoader - Located environment: name=kafka-to-elastic-service,config-client, profiles=[kafka_to_elastic], label=null, version=bb5872126b326da36392206e435410df406bd6a5, state=null
2024-10-15 11:26:18 [main] INFO  o.s.cloud.context.scope.GenericScope - BeanFactory id=5fa36b7e-8734-32be-9879-3927d436ba5a
2024-10-15 11:26:18 [main] WARN  o.s.b.w.r.c.AnnotationConfigReactiveWebServerApplicationContext - Exception encountered during context initialization - cancelling refresh attempt: org.springframework.beans.factory.BeanCreationException: Error creating bean with name 'org.springframework.aop.config.internalAutoProxyCreator': org/aspectj/lang/annotation/Pointcut
2024-10-15 11:26:18 [main] INFO  o.s.b.a.l.ConditionEvaluationReportLogger - 

Error starting ApplicationContext. To display the condition evaluation report re-run your application with 'debug' enabled.
2024-10-15 11:26:18 [main] ERROR o.s.boot.SpringApplication - Application run failed
org.springframework.beans.factory.BeanCreationException: Error creating bean with name 'org.springframework.aop.config.internalAutoProxyCreator': org/aspectj/lang/annotation/Pointcut
	at org.springframework.beans.factory.support.AbstractAutowireCapableBeanFactory.doCreateBean(AbstractAutowireCapableBeanFactory.java:607)
	at org.springframework.beans.factory.support.AbstractAutowireCapableBeanFactory.createBean(AbstractAutowireCapableBeanFactory.java:522)
	at org.springframework.beans.factory.support.AbstractBeanFactory.lambda$doGetBean$0(AbstractBeanFactory.java:337)
	at org.springframework.beans.factory.support.DefaultSingletonBeanRegistry.getSingleton(DefaultSingletonBeanRegistry.java:234)
	at org.springframework.beans.factory.support.AbstractBeanFactory.doGetBean(AbstractBeanFactory.java:335)
	at org.springframework.beans.factory.support.AbstractBeanFactory.getBean(AbstractBeanFactory.java:205)
	at org.springframework.context.support.PostProcessorRegistrationDelegate.registerBeanPostProcessors(PostProcessorRegistrationDelegate.java:265)
	at org.springframework.context.support.AbstractApplicationContext.registerBeanPostProcessors(AbstractApplicationContext.java:806)
	at org.springframework.context.support.AbstractApplicationContext.refresh(AbstractApplicationContext.java:609)
	at org.springframework.boot.web.reactive.context.ReactiveWebServerApplicationContext.refresh(ReactiveWebServerApplicationContext.java:66)
	at org.springframework.boot.SpringApplication.refresh(SpringApplication.java:754)
	at org.springframework.boot.SpringApplication.refreshContext(SpringApplication.java:456)
	at org.springframework.boot.SpringApplication.run(SpringApplication.java:335)
	at org.springframework.boot.SpringApplication.run(SpringApplication.java:1363)
	at org.springframework.boot.SpringApplication.run(SpringApplication.java:1352)
	at com.microservice.demo.kafka.to.elastic.service.KafkaToElasticServiceApplication.main(KafkaToElasticServiceApplication.java:11)
Caused by: java.lang.NoClassDefFoundError: org/aspectj/lang/annotation/Pointcut
	at org.springframework.aop.aspectj.annotation.AbstractAspectJAdvisorFactory.<clinit>(AbstractAspectJAdvisorFactory.java:58)
	at org.springframework.aop.aspectj.annotation.AnnotationAwareAspectJAutoProxyCreator.initBeanFactory(AnnotationAwareAspectJAutoProxyCreator.java:82)
	at org.springframework.aop.framework.autoproxy.AbstractAdvisorAutoProxyCreator.setBeanFactory(AbstractAdvisorAutoProxyCreator.java:67)
	at org.springframework.beans.factory.support.AbstractAutowireCapableBeanFactory.invokeAwareMethods(AbstractAutowireCapableBeanFactory.java:1827)
	at org.springframework.beans.factory.support.AbstractAutowireCapableBeanFactory.initializeBean(AbstractAutowireCapableBeanFactory.java:1794)
	at org.springframework.beans.factory.support.AbstractAutowireCapableBeanFactory.doCreateBean(AbstractAutowireCapableBeanFactory.java:600)
	... 15 common frames omitted
Caused by: java.lang.ClassNotFoundException: org.aspectj.lang.annotation.Pointcut
	at java.base/jdk.internal.loader.BuiltinClassLoader.loadClass(BuiltinClassLoader.java:641)
	at java.base/jdk.internal.loader.ClassLoaders$AppClassLoader.loadClass(ClassLoaders.java:188)
	at java.base/java.lang.ClassLoader.loadClass(ClassLoader.java:525)
	... 21 common frames omitted
2024-10-15 11:33:09 [main] INFO  c.m.d.k.t.e.s.KafkaToElasticServiceApplication - Starting KafkaToElasticServiceApplication using Java 17.0.12 with PID 2868 (C:\Users\danan\Desktop\dev\kafka-to-elastic-service\target\classes started by danan in C:\Users\danan\Desktop\dev)
2024-10-15 11:33:09 [main] INFO  c.m.d.k.t.e.s.KafkaToElasticServiceApplication - The following 1 profile is active: "kafka_to_elastic"
2024-10-15 11:33:09 [main] INFO  o.s.c.c.c.ConfigServerConfigDataLoader - Fetching config from server at : http://localhost:8888
2024-10-15 11:33:09 [main] INFO  o.s.c.c.c.ConfigServerConfigDataLoader - Located environment: name=kafka-to-elastic-service,config-client, profiles=[default], label=null, version=bb5872126b326da36392206e435410df406bd6a5, state=null
2024-10-15 11:33:09 [main] INFO  o.s.c.c.c.ConfigServerConfigDataLoader - Fetching config from server at : http://localhost:8888
2024-10-15 11:33:09 [main] INFO  o.s.c.c.c.ConfigServerConfigDataLoader - Located environment: name=kafka-to-elastic-service,config-client, profiles=[kafka_to_elastic], label=null, version=bb5872126b326da36392206e435410df406bd6a5, state=null
2024-10-15 11:33:10 [main] INFO  o.s.cloud.context.scope.GenericScope - BeanFactory id=a8d2c5fe-2723-3f2d-9c77-980ec0da196e
2024-10-15 11:33:10 [main] WARN  o.s.b.w.r.c.AnnotationConfigReactiveWebServerApplicationContext - Exception encountered during context initialization - cancelling refresh attempt: org.springframework.beans.factory.UnsatisfiedDependencyException: Error creating bean with name 'twitterKafkaConsumer' defined in file [C:\Users\danan\Desktop\dev\kafka-to-elastic-service\target\classes\com\microservice\demo\kafka\to\elastic\service\consumer\impl\TwitterKafkaConsumer.class]: Unsatisfied dependency expressed through constructor parameter 1: No qualifying bean of type 'com.microservices.demo.kafka.admin.client.KafkaAdminClient' available: expected at least 1 bean which qualifies as autowire candidate. Dependency annotations: {}
2024-10-15 11:33:10 [main] INFO  o.s.b.a.l.ConditionEvaluationReportLogger - 

Error starting ApplicationContext. To display the condition evaluation report re-run your application with 'debug' enabled.
2024-10-15 11:33:10 [main] ERROR o.s.b.d.LoggingFailureAnalysisReporter - 

***************************
APPLICATION FAILED TO START
***************************

Description:

Parameter 1 of constructor in com.microservice.demo.kafka.to.elastic.service.consumer.impl.TwitterKafkaConsumer required a bean of type 'com.microservices.demo.kafka.admin.client.KafkaAdminClient' that could not be found.


Action:

Consider defining a bean of type 'com.microservices.demo.kafka.admin.client.KafkaAdminClient' in your configuration.

2024-10-15 11:37:48 [main] INFO  c.m.d.k.t.e.s.KafkaToElasticServiceApplication - Starting KafkaToElasticServiceApplication using Java 17.0.12 with PID 2612 (C:\Users\danan\Desktop\dev\kafka-to-elastic-service\target\classes started by danan in C:\Users\danan\Desktop\dev)
2024-10-15 11:37:48 [main] INFO  c.m.d.k.t.e.s.KafkaToElasticServiceApplication - The following 1 profile is active: "kafka_to_elastic"
2024-10-15 11:37:48 [main] INFO  o.s.c.c.c.ConfigServerConfigDataLoader - Fetching config from server at : http://localhost:8888
2024-10-15 11:37:48 [main] INFO  o.s.c.c.c.ConfigServerConfigDataLoader - Located environment: name=kafka-to-elastic-service,config-client, profiles=[default], label=null, version=bb5872126b326da36392206e435410df406bd6a5, state=null
2024-10-15 11:37:48 [main] INFO  o.s.c.c.c.ConfigServerConfigDataLoader - Fetching config from server at : http://localhost:8888
2024-10-15 11:37:48 [main] INFO  o.s.c.c.c.ConfigServerConfigDataLoader - Located environment: name=kafka-to-elastic-service,config-client, profiles=[kafka_to_elastic], label=null, version=bb5872126b326da36392206e435410df406bd6a5, state=null
2024-10-15 11:37:48 [main] INFO  o.s.cloud.context.scope.GenericScope - BeanFactory id=a8d2c5fe-2723-3f2d-9c77-980ec0da196e
2024-10-15 11:37:49 [main] WARN  o.s.b.w.r.c.AnnotationConfigReactiveWebServerApplicationContext - Exception encountered during context initialization - cancelling refresh attempt: org.springframework.beans.factory.UnsatisfiedDependencyException: Error creating bean with name 'twitterKafkaConsumer' defined in file [C:\Users\danan\Desktop\dev\kafka-to-elastic-service\target\classes\com\microservice\demo\kafka\to\elastic\service\consumer\impl\TwitterKafkaConsumer.class]: Unsatisfied dependency expressed through constructor parameter 1: No qualifying bean of type 'com.microservices.demo.kafka.admin.client.KafkaAdminClient' available: expected at least 1 bean which qualifies as autowire candidate. Dependency annotations: {}
2024-10-15 11:37:49 [main] INFO  o.s.b.a.l.ConditionEvaluationReportLogger - 

Error starting ApplicationContext. To display the condition evaluation report re-run your application with 'debug' enabled.
2024-10-15 11:37:49 [main] ERROR o.s.b.d.LoggingFailureAnalysisReporter - 

***************************
APPLICATION FAILED TO START
***************************

Description:

Parameter 1 of constructor in com.microservice.demo.kafka.to.elastic.service.consumer.impl.TwitterKafkaConsumer required a bean of type 'com.microservices.demo.kafka.admin.client.KafkaAdminClient' that could not be found.


Action:

Consider defining a bean of type 'com.microservices.demo.kafka.admin.client.KafkaAdminClient' in your configuration.

2024-10-15 11:44:27 [main] INFO  c.m.d.k.t.e.s.KafkaToElasticServiceApplication - Starting KafkaToElasticServiceApplication using Java 17.0.12 with PID 23036 (C:\Users\danan\Desktop\dev\kafka-to-elastic-service\target\classes started by danan in C:\Users\danan\Desktop\dev)
2024-10-15 11:44:27 [main] INFO  c.m.d.k.t.e.s.KafkaToElasticServiceApplication - The following 1 profile is active: "kafka_to_elastic"
2024-10-15 11:44:27 [main] INFO  o.s.c.c.c.ConfigServerConfigDataLoader - Fetching config from server at : http://localhost:8888
2024-10-15 11:44:27 [main] INFO  o.s.c.c.c.ConfigServerConfigDataLoader - Located environment: name=kafka-to-elastic-service,config-client, profiles=[default], label=null, version=bb5872126b326da36392206e435410df406bd6a5, state=null
2024-10-15 11:44:27 [main] INFO  o.s.c.c.c.ConfigServerConfigDataLoader - Fetching config from server at : http://localhost:8888
2024-10-15 11:44:27 [main] INFO  o.s.c.c.c.ConfigServerConfigDataLoader - Located environment: name=kafka-to-elastic-service,config-client, profiles=[kafka_to_elastic], label=null, version=bb5872126b326da36392206e435410df406bd6a5, state=null
2024-10-15 11:44:28 [main] INFO  o.s.cloud.context.scope.GenericScope - BeanFactory id=8bf3ed72-aba1-3df9-8d89-af1647b3f61b
2024-10-15 11:44:28 [main] WARN  o.s.b.w.r.c.AnnotationConfigReactiveWebServerApplicationContext - Exception encountered during context initialization - cancelling refresh attempt: org.springframework.beans.factory.UnsatisfiedDependencyException: Error creating bean with name 'twitterKafkaConsumer' defined in file [C:\Users\danan\Desktop\dev\kafka-to-elastic-service\target\classes\com\microservice\demo\kafka\to\elastic\service\consumer\impl\TwitterKafkaConsumer.class]: Unsatisfied dependency expressed through constructor parameter 1: Error creating bean with name 'kafkaAdminClient' defined in file [C:\Users\danan\Desktop\dev\kafka\kafka-admin\target\classes\com\microservices\demo\kafka\admin\client\KafkaAdminClient.class]: Unsatisfied dependency expressed through constructor parameter 0: No qualifying bean of type 'com.microservices.demo.config.KafkaConfigData' available: expected at least 1 bean which qualifies as autowire candidate. Dependency annotations: {}
2024-10-15 11:44:28 [main] INFO  o.s.b.a.l.ConditionEvaluationReportLogger - 

Error starting ApplicationContext. To display the condition evaluation report re-run your application with 'debug' enabled.
2024-10-15 11:44:28 [main] ERROR o.s.b.d.LoggingFailureAnalysisReporter - 

***************************
APPLICATION FAILED TO START
***************************

Description:

Parameter 0 of constructor in com.microservices.demo.kafka.admin.client.KafkaAdminClient required a bean of type 'com.microservices.demo.config.KafkaConfigData' that could not be found.


Action:

Consider defining a bean of type 'com.microservices.demo.config.KafkaConfigData' in your configuration.

2024-10-15 11:49:14 [main] INFO  c.m.d.k.t.e.s.KafkaToElasticServiceApplication - Starting KafkaToElasticServiceApplication using Java 17.0.12 with PID 10816 (C:\Users\danan\Desktop\dev\kafka-to-elastic-service\target\classes started by danan in C:\Users\danan\Desktop\dev)
2024-10-15 11:49:14 [main] INFO  c.m.d.k.t.e.s.KafkaToElasticServiceApplication - The following 1 profile is active: "kafka_to_elastic"
2024-10-15 11:49:14 [main] INFO  o.s.c.c.c.ConfigServerConfigDataLoader - Fetching config from server at : http://localhost:8888
2024-10-15 11:49:14 [main] INFO  o.s.c.c.c.ConfigServerConfigDataLoader - Located environment: name=kafka-to-elastic-service,config-client, profiles=[default], label=null, version=bb5872126b326da36392206e435410df406bd6a5, state=null
2024-10-15 11:49:14 [main] INFO  o.s.c.c.c.ConfigServerConfigDataLoader - Fetching config from server at : http://localhost:8888
2024-10-15 11:49:14 [main] INFO  o.s.c.c.c.ConfigServerConfigDataLoader - Located environment: name=kafka-to-elastic-service,config-client, profiles=[kafka_to_elastic], label=null, version=bb5872126b326da36392206e435410df406bd6a5, state=null
2024-10-15 11:49:15 [main] INFO  o.s.cloud.context.scope.GenericScope - BeanFactory id=8bf3ed72-aba1-3df9-8d89-af1647b3f61b
2024-10-15 11:49:15 [main] WARN  o.s.b.w.r.c.AnnotationConfigReactiveWebServerApplicationContext - Exception encountered during context initialization - cancelling refresh attempt: org.springframework.beans.factory.UnsatisfiedDependencyException: Error creating bean with name 'twitterKafkaConsumer' defined in file [C:\Users\danan\Desktop\dev\kafka-to-elastic-service\target\classes\com\microservice\demo\kafka\to\elastic\service\consumer\impl\TwitterKafkaConsumer.class]: Unsatisfied dependency expressed through constructor parameter 1: Error creating bean with name 'kafkaAdminClient' defined in file [C:\Users\danan\Desktop\dev\kafka\kafka-admin\target\classes\com\microservices\demo\kafka\admin\client\KafkaAdminClient.class]: Unsatisfied dependency expressed through constructor parameter 0: No qualifying bean of type 'com.microservices.demo.config.KafkaConfigData' available: expected at least 1 bean which qualifies as autowire candidate. Dependency annotations: {}
2024-10-15 11:49:15 [main] INFO  o.s.b.a.l.ConditionEvaluationReportLogger - 

Error starting ApplicationContext. To display the condition evaluation report re-run your application with 'debug' enabled.
2024-10-15 11:49:15 [main] ERROR o.s.b.d.LoggingFailureAnalysisReporter - 

***************************
APPLICATION FAILED TO START
***************************

Description:

Parameter 0 of constructor in com.microservices.demo.kafka.admin.client.KafkaAdminClient required a bean of type 'com.microservices.demo.config.KafkaConfigData' that could not be found.


Action:

Consider defining a bean of type 'com.microservices.demo.config.KafkaConfigData' in your configuration.

2024-10-15 11:50:11 [main] INFO  c.m.d.k.t.e.s.KafkaToElasticServiceApplication - Starting KafkaToElasticServiceApplication using Java 17.0.12 with PID 19540 (C:\Users\danan\Desktop\dev\kafka-to-elastic-service\target\classes started by danan in C:\Users\danan\Desktop\dev)
2024-10-15 11:50:11 [main] INFO  c.m.d.k.t.e.s.KafkaToElasticServiceApplication - The following 1 profile is active: "kafka_to_elastic"
2024-10-15 11:50:11 [main] INFO  o.s.c.c.c.ConfigServerConfigDataLoader - Fetching config from server at : http://localhost:8888
2024-10-15 11:50:11 [main] INFO  o.s.c.c.c.ConfigServerConfigDataLoader - Located environment: name=kafka-to-elastic-service,config-client, profiles=[default], label=null, version=bb5872126b326da36392206e435410df406bd6a5, state=null
2024-10-15 11:50:11 [main] INFO  o.s.c.c.c.ConfigServerConfigDataLoader - Fetching config from server at : http://localhost:8888
2024-10-15 11:50:11 [main] INFO  o.s.c.c.c.ConfigServerConfigDataLoader - Located environment: name=kafka-to-elastic-service,config-client, profiles=[kafka_to_elastic], label=null, version=bb5872126b326da36392206e435410df406bd6a5, state=null
2024-10-15 11:50:12 [main] INFO  o.s.cloud.context.scope.GenericScope - BeanFactory id=5fa36b7e-8734-32be-9879-3927d436ba5a
2024-10-15 11:50:12 [main] WARN  o.s.b.w.r.c.AnnotationConfigReactiveWebServerApplicationContext - Exception encountered during context initialization - cancelling refresh attempt: org.springframework.beans.factory.BeanCreationException: Error creating bean with name 'org.springframework.aop.config.internalAutoProxyCreator': org/aspectj/lang/annotation/Pointcut
2024-10-15 11:50:12 [main] INFO  o.s.b.a.l.ConditionEvaluationReportLogger - 

Error starting ApplicationContext. To display the condition evaluation report re-run your application with 'debug' enabled.
2024-10-15 11:50:12 [main] ERROR o.s.boot.SpringApplication - Application run failed
org.springframework.beans.factory.BeanCreationException: Error creating bean with name 'org.springframework.aop.config.internalAutoProxyCreator': org/aspectj/lang/annotation/Pointcut
	at org.springframework.beans.factory.support.AbstractAutowireCapableBeanFactory.doCreateBean(AbstractAutowireCapableBeanFactory.java:607)
	at org.springframework.beans.factory.support.AbstractAutowireCapableBeanFactory.createBean(AbstractAutowireCapableBeanFactory.java:522)
	at org.springframework.beans.factory.support.AbstractBeanFactory.lambda$doGetBean$0(AbstractBeanFactory.java:337)
	at org.springframework.beans.factory.support.DefaultSingletonBeanRegistry.getSingleton(DefaultSingletonBeanRegistry.java:234)
	at org.springframework.beans.factory.support.AbstractBeanFactory.doGetBean(AbstractBeanFactory.java:335)
	at org.springframework.beans.factory.support.AbstractBeanFactory.getBean(AbstractBeanFactory.java:205)
	at org.springframework.context.support.PostProcessorRegistrationDelegate.registerBeanPostProcessors(PostProcessorRegistrationDelegate.java:265)
	at org.springframework.context.support.AbstractApplicationContext.registerBeanPostProcessors(AbstractApplicationContext.java:806)
	at org.springframework.context.support.AbstractApplicationContext.refresh(AbstractApplicationContext.java:609)
	at org.springframework.boot.web.reactive.context.ReactiveWebServerApplicationContext.refresh(ReactiveWebServerApplicationContext.java:66)
	at org.springframework.boot.SpringApplication.refresh(SpringApplication.java:754)
	at org.springframework.boot.SpringApplication.refreshContext(SpringApplication.java:456)
	at org.springframework.boot.SpringApplication.run(SpringApplication.java:335)
	at org.springframework.boot.SpringApplication.run(SpringApplication.java:1363)
	at org.springframework.boot.SpringApplication.run(SpringApplication.java:1352)
	at com.microservice.demo.kafka.to.elastic.service.KafkaToElasticServiceApplication.main(KafkaToElasticServiceApplication.java:11)
Caused by: java.lang.NoClassDefFoundError: org/aspectj/lang/annotation/Pointcut
	at org.springframework.aop.aspectj.annotation.AbstractAspectJAdvisorFactory.<clinit>(AbstractAspectJAdvisorFactory.java:58)
	at org.springframework.aop.aspectj.annotation.AnnotationAwareAspectJAutoProxyCreator.initBeanFactory(AnnotationAwareAspectJAutoProxyCreator.java:82)
	at org.springframework.aop.framework.autoproxy.AbstractAdvisorAutoProxyCreator.setBeanFactory(AbstractAdvisorAutoProxyCreator.java:67)
	at org.springframework.beans.factory.support.AbstractAutowireCapableBeanFactory.invokeAwareMethods(AbstractAutowireCapableBeanFactory.java:1827)
	at org.springframework.beans.factory.support.AbstractAutowireCapableBeanFactory.initializeBean(AbstractAutowireCapableBeanFactory.java:1794)
	at org.springframework.beans.factory.support.AbstractAutowireCapableBeanFactory.doCreateBean(AbstractAutowireCapableBeanFactory.java:600)
	... 15 common frames omitted
Caused by: java.lang.ClassNotFoundException: org.aspectj.lang.annotation.Pointcut
	at java.base/jdk.internal.loader.BuiltinClassLoader.loadClass(BuiltinClassLoader.java:641)
	at java.base/jdk.internal.loader.ClassLoaders$AppClassLoader.loadClass(ClassLoaders.java:188)
	at java.base/java.lang.ClassLoader.loadClass(ClassLoader.java:525)
	... 21 common frames omitted
2024-10-15 12:13:22 [main] INFO  c.m.d.k.t.e.s.KafkaToElasticServiceApplication - Starting KafkaToElasticServiceApplication using Java 17.0.12 with PID 23020 (C:\Users\danan\Desktop\dev\kafka-to-elastic-service\target\classes started by danan in C:\Users\danan\Desktop\dev)
2024-10-15 12:13:22 [main] INFO  c.m.d.k.t.e.s.KafkaToElasticServiceApplication - The following 1 profile is active: "kafka_to_elastic"
2024-10-15 12:13:22 [main] INFO  o.s.c.c.c.ConfigServerConfigDataLoader - Fetching config from server at : http://localhost:8888
2024-10-15 12:13:22 [main] INFO  o.s.c.c.c.ConfigServerConfigDataLoader - Located environment: name=kafka-to-elastic-service,config-client, profiles=[default], label=null, version=bb5872126b326da36392206e435410df406bd6a5, state=null
2024-10-15 12:13:22 [main] INFO  o.s.c.c.c.ConfigServerConfigDataLoader - Fetching config from server at : http://localhost:8888
2024-10-15 12:13:22 [main] INFO  o.s.c.c.c.ConfigServerConfigDataLoader - Located environment: name=kafka-to-elastic-service,config-client, profiles=[kafka_to_elastic], label=null, version=bb5872126b326da36392206e435410df406bd6a5, state=null
2024-10-15 12:13:22 [main] INFO  o.s.cloud.context.scope.GenericScope - BeanFactory id=5fa36b7e-8734-32be-9879-3927d436ba5a
2024-10-15 12:13:22 [main] WARN  o.s.b.w.r.c.AnnotationConfigReactiveWebServerApplicationContext - Exception encountered during context initialization - cancelling refresh attempt: org.springframework.beans.factory.BeanCreationException: Error creating bean with name 'org.springframework.aop.config.internalAutoProxyCreator': org/aspectj/lang/annotation/Pointcut
2024-10-15 12:13:22 [main] INFO  o.s.b.a.l.ConditionEvaluationReportLogger - 

Error starting ApplicationContext. To display the condition evaluation report re-run your application with 'debug' enabled.
2024-10-15 12:13:22 [main] ERROR o.s.boot.SpringApplication - Application run failed
org.springframework.beans.factory.BeanCreationException: Error creating bean with name 'org.springframework.aop.config.internalAutoProxyCreator': org/aspectj/lang/annotation/Pointcut
	at org.springframework.beans.factory.support.AbstractAutowireCapableBeanFactory.doCreateBean(AbstractAutowireCapableBeanFactory.java:607)
	at org.springframework.beans.factory.support.AbstractAutowireCapableBeanFactory.createBean(AbstractAutowireCapableBeanFactory.java:522)
	at org.springframework.beans.factory.support.AbstractBeanFactory.lambda$doGetBean$0(AbstractBeanFactory.java:337)
	at org.springframework.beans.factory.support.DefaultSingletonBeanRegistry.getSingleton(DefaultSingletonBeanRegistry.java:234)
	at org.springframework.beans.factory.support.AbstractBeanFactory.doGetBean(AbstractBeanFactory.java:335)
	at org.springframework.beans.factory.support.AbstractBeanFactory.getBean(AbstractBeanFactory.java:205)
	at org.springframework.context.support.PostProcessorRegistrationDelegate.registerBeanPostProcessors(PostProcessorRegistrationDelegate.java:265)
	at org.springframework.context.support.AbstractApplicationContext.registerBeanPostProcessors(AbstractApplicationContext.java:806)
	at org.springframework.context.support.AbstractApplicationContext.refresh(AbstractApplicationContext.java:609)
	at org.springframework.boot.web.reactive.context.ReactiveWebServerApplicationContext.refresh(ReactiveWebServerApplicationContext.java:66)
	at org.springframework.boot.SpringApplication.refresh(SpringApplication.java:754)
	at org.springframework.boot.SpringApplication.refreshContext(SpringApplication.java:456)
	at org.springframework.boot.SpringApplication.run(SpringApplication.java:335)
	at org.springframework.boot.SpringApplication.run(SpringApplication.java:1363)
	at org.springframework.boot.SpringApplication.run(SpringApplication.java:1352)
	at com.microservice.demo.kafka.to.elastic.service.KafkaToElasticServiceApplication.main(KafkaToElasticServiceApplication.java:11)
Caused by: java.lang.NoClassDefFoundError: org/aspectj/lang/annotation/Pointcut
	at org.springframework.aop.aspectj.annotation.AbstractAspectJAdvisorFactory.<clinit>(AbstractAspectJAdvisorFactory.java:58)
	at org.springframework.aop.aspectj.annotation.AnnotationAwareAspectJAutoProxyCreator.initBeanFactory(AnnotationAwareAspectJAutoProxyCreator.java:82)
	at org.springframework.aop.framework.autoproxy.AbstractAdvisorAutoProxyCreator.setBeanFactory(AbstractAdvisorAutoProxyCreator.java:67)
	at org.springframework.beans.factory.support.AbstractAutowireCapableBeanFactory.invokeAwareMethods(AbstractAutowireCapableBeanFactory.java:1827)
	at org.springframework.beans.factory.support.AbstractAutowireCapableBeanFactory.initializeBean(AbstractAutowireCapableBeanFactory.java:1794)
	at org.springframework.beans.factory.support.AbstractAutowireCapableBeanFactory.doCreateBean(AbstractAutowireCapableBeanFactory.java:600)
	... 15 common frames omitted
Caused by: java.lang.ClassNotFoundException: org.aspectj.lang.annotation.Pointcut
	at java.base/jdk.internal.loader.BuiltinClassLoader.loadClass(BuiltinClassLoader.java:641)
	at java.base/jdk.internal.loader.ClassLoaders$AppClassLoader.loadClass(ClassLoaders.java:188)
	at java.base/java.lang.ClassLoader.loadClass(ClassLoader.java:525)
	... 21 common frames omitted
2024-10-15 12:15:44 [main] INFO  c.m.d.k.t.e.s.KafkaToElasticServiceApplication - Starting KafkaToElasticServiceApplication using Java 17.0.12 with PID 19316 (C:\Users\danan\Desktop\dev\kafka-to-elastic-service\target\classes started by danan in C:\Users\danan\Desktop\dev)
2024-10-15 12:15:44 [main] INFO  c.m.d.k.t.e.s.KafkaToElasticServiceApplication - The following 1 profile is active: "kafka_to_elastic"
2024-10-15 12:15:44 [main] INFO  o.s.c.c.c.ConfigServerConfigDataLoader - Fetching config from server at : http://localhost:8888
2024-10-15 12:15:44 [main] INFO  o.s.c.c.c.ConfigServerConfigDataLoader - Located environment: name=kafka-to-elastic-service,config-client, profiles=[default], label=null, version=bb5872126b326da36392206e435410df406bd6a5, state=null
2024-10-15 12:15:44 [main] INFO  o.s.c.c.c.ConfigServerConfigDataLoader - Fetching config from server at : http://localhost:8888
2024-10-15 12:15:44 [main] INFO  o.s.c.c.c.ConfigServerConfigDataLoader - Located environment: name=kafka-to-elastic-service,config-client, profiles=[kafka_to_elastic], label=null, version=bb5872126b326da36392206e435410df406bd6a5, state=null
2024-10-15 12:15:45 [main] INFO  o.s.cloud.context.scope.GenericScope - BeanFactory id=301dbffb-ace0-3365-bdb0-081b61fa9816
2024-10-15 12:15:45 [main] INFO  o.a.k.c.admin.AdminClientConfig - AdminClientConfig values: 
	auto.include.jmx.reporter = true
	bootstrap.controllers = []
	bootstrap.servers = [localhost:19092, localhost:29092, localhost:39092]
	client.dns.lookup = use_all_dns_ips
	client.id = 
	connections.max.idle.ms = 300000
	default.api.timeout.ms = 60000
	enable.metrics.push = true
	metadata.max.age.ms = 300000
	metric.reporters = []
	metrics.num.samples = 2
	metrics.recording.level = INFO
	metrics.sample.window.ms = 30000
	receive.buffer.bytes = 65536
	reconnect.backoff.max.ms = 1000
	reconnect.backoff.ms = 50
	request.timeout.ms = 30000
	retries = 2147483647
	retry.backoff.max.ms = 1000
	retry.backoff.ms = 100
	sasl.client.callback.handler.class = null
	sasl.jaas.config = null
	sasl.kerberos.kinit.cmd = /usr/bin/kinit
	sasl.kerberos.min.time.before.relogin = 60000
	sasl.kerberos.service.name = null
	sasl.kerberos.ticket.renew.jitter = 0.05
	sasl.kerberos.ticket.renew.window.factor = 0.8
	sasl.login.callback.handler.class = null
	sasl.login.class = null
	sasl.login.connect.timeout.ms = null
	sasl.login.read.timeout.ms = null
	sasl.login.refresh.buffer.seconds = 300
	sasl.login.refresh.min.period.seconds = 60
	sasl.login.refresh.window.factor = 0.8
	sasl.login.refresh.window.jitter = 0.05
	sasl.login.retry.backoff.max.ms = 10000
	sasl.login.retry.backoff.ms = 100
	sasl.mechanism = GSSAPI
	sasl.oauthbearer.clock.skew.seconds = 30
	sasl.oauthbearer.expected.audience = null
	sasl.oauthbearer.expected.issuer = null
	sasl.oauthbearer.jwks.endpoint.refresh.ms = 3600000
	sasl.oauthbearer.jwks.endpoint.retry.backoff.max.ms = 10000
	sasl.oauthbearer.jwks.endpoint.retry.backoff.ms = 100
	sasl.oauthbearer.jwks.endpoint.url = null
	sasl.oauthbearer.scope.claim.name = scope
	sasl.oauthbearer.sub.claim.name = sub
	sasl.oauthbearer.token.endpoint.url = null
	security.protocol = PLAINTEXT
	security.providers = null
	send.buffer.bytes = 131072
	socket.connection.setup.timeout.max.ms = 30000
	socket.connection.setup.timeout.ms = 10000
	ssl.cipher.suites = null
	ssl.enabled.protocols = [TLSv1.2, TLSv1.3]
	ssl.endpoint.identification.algorithm = https
	ssl.engine.factory.class = null
	ssl.key.password = null
	ssl.keymanager.algorithm = SunX509
	ssl.keystore.certificate.chain = null
	ssl.keystore.key = null
	ssl.keystore.location = null
	ssl.keystore.password = null
	ssl.keystore.type = JKS
	ssl.protocol = TLSv1.3
	ssl.provider = null
	ssl.secure.random.implementation = null
	ssl.trustmanager.algorithm = PKIX
	ssl.truststore.certificates = null
	ssl.truststore.location = null
	ssl.truststore.password = null
	ssl.truststore.type = JKS

2024-10-15 12:15:45 [main] INFO  o.a.kafka.common.utils.AppInfoParser - Kafka version: 3.7.1
2024-10-15 12:15:45 [main] INFO  o.a.kafka.common.utils.AppInfoParser - Kafka commitId: e2494e6ffb89f828
2024-10-15 12:15:45 [main] INFO  o.a.kafka.common.utils.AppInfoParser - Kafka startTimeMs: 1728987345726
2024-10-15 12:15:46 [main] INFO  o.s.b.a.s.r.ReactiveUserDetailsServiceAutoConfiguration - 

Using generated security password: eec169a1-5e90-42db-8911-6419613e19a5

2024-10-15 12:15:46 [main] INFO  o.s.b.w.e.netty.NettyWebServer - Netty started on port 8182 (http)
2024-10-15 12:15:46 [main] INFO  c.m.d.k.t.e.s.KafkaToElasticServiceApplication - Started KafkaToElasticServiceApplication in 5.018 seconds (process running for 5.585)
2024-10-15 12:20:46 [kafka-admin-client-thread | adminclient-1] INFO  o.apache.kafka.clients.NetworkClient - [AdminClient clientId=adminclient-1] Node -1 disconnected.
2024-10-15 12:25:46 [kafka-admin-client-thread | adminclient-1] INFO  o.apache.kafka.clients.NetworkClient - [AdminClient clientId=adminclient-1] Node 1 disconnected.
2024-10-15 12:30:46 [kafka-admin-client-thread | adminclient-1] INFO  o.apache.kafka.clients.NetworkClient - [AdminClient clientId=adminclient-1] Node 3 disconnected.
2024-10-15 12:35:46 [kafka-admin-client-thread | adminclient-1] INFO  o.apache.kafka.clients.NetworkClient - [AdminClient clientId=adminclient-1] Node 2 disconnected.
2024-10-15 12:42:48 [kafka-admin-client-thread | adminclient-1] INFO  o.apache.kafka.clients.NetworkClient - [AdminClient clientId=adminclient-1] Node 1 disconnected.
2024-10-15 12:43:50 [kafka-admin-client-thread | adminclient-1] INFO  o.a.kafka.common.utils.AppInfoParser - App info kafka.admin.client for adminclient-1 unregistered
2024-10-15 12:43:50 [kafka-admin-client-thread | adminclient-1] INFO  o.a.kafka.common.metrics.Metrics - Metrics scheduler closed
2024-10-15 12:43:50 [kafka-admin-client-thread | adminclient-1] INFO  o.a.kafka.common.metrics.Metrics - Closing reporter org.apache.kafka.common.metrics.JmxReporter
2024-10-15 12:43:50 [kafka-admin-client-thread | adminclient-1] INFO  o.a.kafka.common.metrics.Metrics - Metrics reporters closed
2024-10-15 13:01:18 [main] INFO  c.m.d.k.t.e.s.KafkaToElasticServiceApplication - Starting KafkaToElasticServiceApplication using Java 17.0.12 with PID 18828 (C:\Users\danan\Desktop\dev\kafka-to-elastic-service\target\classes started by danan in C:\Users\danan\Desktop\dev)
2024-10-15 13:01:18 [main] INFO  c.m.d.k.t.e.s.KafkaToElasticServiceApplication - The following 1 profile is active: "kafka_to_elastic"
2024-10-15 13:01:18 [main] INFO  o.s.c.c.c.ConfigServerConfigDataLoader - Fetching config from server at : http://localhost:8888
2024-10-15 13:01:18 [main] INFO  o.s.c.c.c.ConfigServerConfigDataLoader - Located environment: name=kafka-to-elastic-service,config-client, profiles=[default], label=null, version=bb5872126b326da36392206e435410df406bd6a5, state=null
2024-10-15 13:01:18 [main] INFO  o.s.c.c.c.ConfigServerConfigDataLoader - Fetching config from server at : http://localhost:8888
2024-10-15 13:01:18 [main] INFO  o.s.c.c.c.ConfigServerConfigDataLoader - Located environment: name=kafka-to-elastic-service,config-client, profiles=[kafka_to_elastic], label=null, version=bb5872126b326da36392206e435410df406bd6a5, state=null
2024-10-15 13:01:19 [main] INFO  o.s.cloud.context.scope.GenericScope - BeanFactory id=301dbffb-ace0-3365-bdb0-081b61fa9816
2024-10-15 13:01:19 [main] INFO  o.a.k.c.admin.AdminClientConfig - AdminClientConfig values: 
	auto.include.jmx.reporter = true
	bootstrap.controllers = []
	bootstrap.servers = [localhost:19092, localhost:29092, localhost:39092]
	client.dns.lookup = use_all_dns_ips
	client.id = 
	connections.max.idle.ms = 300000
	default.api.timeout.ms = 60000
	enable.metrics.push = true
	metadata.max.age.ms = 300000
	metric.reporters = []
	metrics.num.samples = 2
	metrics.recording.level = INFO
	metrics.sample.window.ms = 30000
	receive.buffer.bytes = 65536
	reconnect.backoff.max.ms = 1000
	reconnect.backoff.ms = 50
	request.timeout.ms = 30000
	retries = 2147483647
	retry.backoff.max.ms = 1000
	retry.backoff.ms = 100
	sasl.client.callback.handler.class = null
	sasl.jaas.config = null
	sasl.kerberos.kinit.cmd = /usr/bin/kinit
	sasl.kerberos.min.time.before.relogin = 60000
	sasl.kerberos.service.name = null
	sasl.kerberos.ticket.renew.jitter = 0.05
	sasl.kerberos.ticket.renew.window.factor = 0.8
	sasl.login.callback.handler.class = null
	sasl.login.class = null
	sasl.login.connect.timeout.ms = null
	sasl.login.read.timeout.ms = null
	sasl.login.refresh.buffer.seconds = 300
	sasl.login.refresh.min.period.seconds = 60
	sasl.login.refresh.window.factor = 0.8
	sasl.login.refresh.window.jitter = 0.05
	sasl.login.retry.backoff.max.ms = 10000
	sasl.login.retry.backoff.ms = 100
	sasl.mechanism = GSSAPI
	sasl.oauthbearer.clock.skew.seconds = 30
	sasl.oauthbearer.expected.audience = null
	sasl.oauthbearer.expected.issuer = null
	sasl.oauthbearer.jwks.endpoint.refresh.ms = 3600000
	sasl.oauthbearer.jwks.endpoint.retry.backoff.max.ms = 10000
	sasl.oauthbearer.jwks.endpoint.retry.backoff.ms = 100
	sasl.oauthbearer.jwks.endpoint.url = null
	sasl.oauthbearer.scope.claim.name = scope
	sasl.oauthbearer.sub.claim.name = sub
	sasl.oauthbearer.token.endpoint.url = null
	security.protocol = PLAINTEXT
	security.providers = null
	send.buffer.bytes = 131072
	socket.connection.setup.timeout.max.ms = 30000
	socket.connection.setup.timeout.ms = 10000
	ssl.cipher.suites = null
	ssl.enabled.protocols = [TLSv1.2, TLSv1.3]
	ssl.endpoint.identification.algorithm = https
	ssl.engine.factory.class = null
	ssl.key.password = null
	ssl.keymanager.algorithm = SunX509
	ssl.keystore.certificate.chain = null
	ssl.keystore.key = null
	ssl.keystore.location = null
	ssl.keystore.password = null
	ssl.keystore.type = JKS
	ssl.protocol = TLSv1.3
	ssl.provider = null
	ssl.secure.random.implementation = null
	ssl.trustmanager.algorithm = PKIX
	ssl.truststore.certificates = null
	ssl.truststore.location = null
	ssl.truststore.password = null
	ssl.truststore.type = JKS

2024-10-15 13:01:20 [main] INFO  o.a.kafka.common.utils.AppInfoParser - Kafka version: 3.7.1
2024-10-15 13:01:20 [main] INFO  o.a.kafka.common.utils.AppInfoParser - Kafka commitId: e2494e6ffb89f828
2024-10-15 13:01:20 [main] INFO  o.a.kafka.common.utils.AppInfoParser - Kafka startTimeMs: 1728990080095
2024-10-15 13:01:20 [main] INFO  o.s.b.a.s.r.ReactiveUserDetailsServiceAutoConfiguration - 

Using generated security password: 96ecc822-97b0-492b-afdc-f7ae71b97ee9

2024-10-15 13:01:21 [main] INFO  o.s.b.w.e.netty.NettyWebServer - Netty started on port 8182 (http)
2024-10-15 13:01:21 [main] INFO  c.m.d.k.t.e.s.KafkaToElasticServiceApplication - Started KafkaToElasticServiceApplication in 5.401 seconds (process running for 5.965)
2024-10-15 13:01:21 [main] INFO  c.m.d.k.a.client.KafkaAdminClient - Reading kafka topic [twitter-topic], attempt 0
2024-10-15 13:01:23 [main] INFO  c.m.d.k.a.client.KafkaAdminClient - Reading kafka topic [twitter-topic], attempt 0
2024-10-15 13:01:27 [main] INFO  c.m.d.k.a.client.KafkaAdminClient - Reading kafka topic [twitter-topic], attempt 0
2024-10-15 13:01:35 [main] INFO  c.m.d.k.a.client.KafkaAdminClient - Reading kafka topic [twitter-topic], attempt 0
2024-10-15 13:01:35 [main] INFO  o.s.b.a.l.ConditionEvaluationReportLogger - 

Error starting ApplicationContext. To display the condition evaluation report re-run your application with 'debug' enabled.
2024-10-15 13:01:35 [main] ERROR o.s.boot.SpringApplication - Application run failed
com.microservices.demo.kafka.admin.exception.KafkaClientException: Reached max number of retry for reading kafka topic(s)!
	at com.microservices.demo.kafka.admin.client.KafkaAdminClient.checkMaxRetry(KafkaAdminClient.java:116)
	at com.microservices.demo.kafka.admin.client.KafkaAdminClient.checkTopicsCreated(KafkaAdminClient.java:72)
	at com.microservice.demo.kafka.to.elastic.service.consumer.impl.TwitterKafkaConsumer.onAppStarted(TwitterKafkaConsumer.java:40)
	at java.base/jdk.internal.reflect.NativeMethodAccessorImpl.invoke0(Native Method)
	at java.base/jdk.internal.reflect.NativeMethodAccessorImpl.invoke(NativeMethodAccessorImpl.java:77)
	at java.base/jdk.internal.reflect.DelegatingMethodAccessorImpl.invoke(DelegatingMethodAccessorImpl.java:43)
	at java.base/java.lang.reflect.Method.invoke(Method.java:568)
	at org.springframework.context.event.ApplicationListenerMethodAdapter.doInvoke(ApplicationListenerMethodAdapter.java:365)
	at org.springframework.context.event.ApplicationListenerMethodAdapter.processEvent(ApplicationListenerMethodAdapter.java:237)
	at org.springframework.context.event.ApplicationListenerMethodAdapter.onApplicationEvent(ApplicationListenerMethodAdapter.java:168)
	at org.springframework.context.event.SimpleApplicationEventMulticaster.doInvokeListener(SimpleApplicationEventMulticaster.java:185)
	at org.springframework.context.event.SimpleApplicationEventMulticaster.invokeListener(SimpleApplicationEventMulticaster.java:178)
	at org.springframework.context.event.SimpleApplicationEventMulticaster.multicastEvent(SimpleApplicationEventMulticaster.java:156)
	at org.springframework.context.support.AbstractApplicationContext.publishEvent(AbstractApplicationContext.java:452)
	at org.springframework.context.support.AbstractApplicationContext.publishEvent(AbstractApplicationContext.java:385)
	at org.springframework.boot.context.event.EventPublishingRunListener.started(EventPublishingRunListener.java:103)
	at org.springframework.boot.SpringApplicationRunListeners.lambda$started$5(SpringApplicationRunListeners.java:76)
	at java.base/java.lang.Iterable.forEach(Iterable.java:75)
	at org.springframework.boot.SpringApplicationRunListeners.doWithListeners(SpringApplicationRunListeners.java:118)
	at org.springframework.boot.SpringApplicationRunListeners.doWithListeners(SpringApplicationRunListeners.java:112)
	at org.springframework.boot.SpringApplicationRunListeners.started(SpringApplicationRunListeners.java:76)
	at org.springframework.boot.SpringApplication.run(SpringApplication.java:341)
	at org.springframework.boot.SpringApplication.run(SpringApplication.java:1363)
	at org.springframework.boot.SpringApplication.run(SpringApplication.java:1352)
	at com.microservice.demo.kafka.to.elastic.service.KafkaToElasticServiceApplication.main(KafkaToElasticServiceApplication.java:11)
2024-10-15 13:01:37 [kafka-admin-client-thread | adminclient-1] INFO  o.a.kafka.common.utils.AppInfoParser - App info kafka.admin.client for adminclient-1 unregistered
2024-10-15 13:01:37 [kafka-admin-client-thread | adminclient-1] INFO  o.a.kafka.common.metrics.Metrics - Metrics scheduler closed
2024-10-15 13:01:37 [kafka-admin-client-thread | adminclient-1] INFO  o.a.kafka.common.metrics.Metrics - Closing reporter org.apache.kafka.common.metrics.JmxReporter
2024-10-15 13:01:37 [kafka-admin-client-thread | adminclient-1] INFO  o.a.kafka.common.metrics.Metrics - Metrics reporters closed
